Testsuite: br.cesjf.dps.TaskControllerTests
Tests run: 8, Failures: 5, Errors: 0, Time elapsed: 1,47 sec
------------- Standard Output ---------------
--Output from testSave--
--Output from testUpdate--
--Output from testDelete--
--Output from testCreate--
--Output from testEdit--
--Output from testShow--
--Output from testIndex--
--Output from testList--
------------- ---------------- ---------------
------------- Standard Error -----------------
--Output from testSave--
--Output from testUpdate--
--Output from testDelete--
--Output from testCreate--
--Output from testEdit--
--Output from testShow--
--Output from testIndex--
--Output from testList--
------------- ---------------- ---------------

Testcase: testSave took 0,326 sec
	FAILED
Assertion failed: 

assert response.redirectedUrl == '/task/show/1'
       |        |             |
       |        null          false
       org.codehaus.groovy.grails.plugins.testing.GrailsMockHttpServletResponse@766f3ace

junit.framework.AssertionFailedError: Assertion failed: 

assert response.redirectedUrl == '/task/show/1'
       |        |             |
       |        null          false
       org.codehaus.groovy.grails.plugins.testing.GrailsMockHttpServletResponse@766f3ace

	at br.cesjf.dps.TaskControllerTests.testSave(TaskControllerTests.groovy:48)

Testcase: testUpdate took 0,142 sec
	FAILED
Assertion failed: 

assert task.save() != null
       |    |      |
       |    null   false
       br.cesjf.dps.Task : (unsaved)

junit.framework.AssertionFailedError: Assertion failed: 

assert task.save() != null
       |    |      |
       |    null   false
       br.cesjf.dps.Task : (unsaved)

	at br.cesjf.dps.TaskControllerTests.testUpdate(TaskControllerTests.groovy:100)

Testcase: testDelete took 0,475 sec
	FAILED
Assertion failed: 

assert task.save() != null
       |    |      |
       |    null   false
       br.cesjf.dps.Task : (unsaved)

junit.framework.AssertionFailedError: Assertion failed: 

assert task.save() != null
       |    |      |
       |    null   false
       br.cesjf.dps.Task : (unsaved)

	at br.cesjf.dps.TaskControllerTests.testDelete(TaskControllerTests.groovy:144)

Testcase: testCreate took 0,097 sec
Testcase: testEdit took 0,082 sec
	FAILED
Assertion failed: 

assert task.save() != null
       |    |      |
       |    null   false
       br.cesjf.dps.Task : (unsaved)

junit.framework.AssertionFailedError: Assertion failed: 

assert task.save() != null
       |    |      |
       |    null   false
       br.cesjf.dps.Task : (unsaved)

	at br.cesjf.dps.TaskControllerTests.testEdit(TaskControllerTests.groovy:80)

Testcase: testShow took 0,071 sec
	FAILED
Assertion failed: 

assert task.save() != null
       |    |      |
       |    null   false
       br.cesjf.dps.Task : (unsaved)

junit.framework.AssertionFailedError: Assertion failed: 

assert task.save() != null
       |    |      |
       |    null   false
       br.cesjf.dps.Task : (unsaved)

	at br.cesjf.dps.TaskControllerTests.testShow(TaskControllerTests.groovy:62)

Testcase: testIndex took 0,08 sec
Testcase: testList took 0,078 sec
