Testsuite: br.cesjf.dps.DeveloperControllerTests
Tests run: 8, Failures: 5, Errors: 0, Time elapsed: 4,599 sec
------------- Standard Output ---------------
--Output from testSave--
--Output from testUpdate--
--Output from testDelete--
--Output from testCreate--
--Output from testEdit--
--Output from testShow--
--Output from testIndex--
--Output from testList--
------------- ---------------- ---------------
------------- Standard Error -----------------
--Output from testSave--
--Output from testUpdate--
--Output from testDelete--
--Output from testCreate--
--Output from testEdit--
--Output from testShow--
--Output from testIndex--
--Output from testList--
------------- ---------------- ---------------

Testcase: testSave took 2,595 sec
	FAILED
Assertion failed: 

assert response.redirectedUrl == '/developer/show/1'
       |        |             |
       |        null          false
       org.codehaus.groovy.grails.plugins.testing.GrailsMockHttpServletResponse@585b045d

junit.framework.AssertionFailedError: Assertion failed: 

assert response.redirectedUrl == '/developer/show/1'
       |        |             |
       |        null          false
       org.codehaus.groovy.grails.plugins.testing.GrailsMockHttpServletResponse@585b045d

	at br.cesjf.dps.DeveloperControllerTests.testSave(DeveloperControllerTests.groovy:48)

Testcase: testUpdate took 0,622 sec
	FAILED
Assertion failed: 

assert developer.save() != null
       |         |      |
       |         null   false
       br.cesjf.dps.Developer : (unsaved)

junit.framework.AssertionFailedError: Assertion failed: 

assert developer.save() != null
       |         |      |
       |         null   false
       br.cesjf.dps.Developer : (unsaved)

	at br.cesjf.dps.DeveloperControllerTests.testUpdate(DeveloperControllerTests.groovy:100)

Testcase: testDelete took 0,111 sec
	FAILED
Assertion failed: 

assert developer.save() != null
       |         |      |
       |         null   false
       br.cesjf.dps.Developer : (unsaved)

junit.framework.AssertionFailedError: Assertion failed: 

assert developer.save() != null
       |         |      |
       |         null   false
       br.cesjf.dps.Developer : (unsaved)

	at br.cesjf.dps.DeveloperControllerTests.testDelete(DeveloperControllerTests.groovy:144)

Testcase: testCreate took 0,098 sec
Testcase: testEdit took 0,095 sec
	FAILED
Assertion failed: 

assert developer.save() != null
       |         |      |
       |         null   false
       br.cesjf.dps.Developer : (unsaved)

junit.framework.AssertionFailedError: Assertion failed: 

assert developer.save() != null
       |         |      |
       |         null   false
       br.cesjf.dps.Developer : (unsaved)

	at br.cesjf.dps.DeveloperControllerTests.testEdit(DeveloperControllerTests.groovy:80)

Testcase: testShow took 0,093 sec
	FAILED
Assertion failed: 

assert developer.save() != null
       |         |      |
       |         null   false
       br.cesjf.dps.Developer : (unsaved)

junit.framework.AssertionFailedError: Assertion failed: 

assert developer.save() != null
       |         |      |
       |         null   false
       br.cesjf.dps.Developer : (unsaved)

	at br.cesjf.dps.DeveloperControllerTests.testShow(DeveloperControllerTests.groovy:62)

Testcase: testIndex took 0,091 sec
Testcase: testList took 0,761 sec
